<?xml version="1.0" encoding="UTF-8"?>
<!-- Generated by org.testng.reporters.JUnitReportReporter -->
<testsuite hostname="KP-WTGVC366JR" failures="0" tests="1" name="TestNGTest.Title" time="20.554" errors="0" timestamp="2024-05-28T17:16:27 GMT-07:00" skipped="0">
  <testcase classname="TestNGTest.Title" name="checkTitle" time="20.554"/>
  <system-out/>
</testsuite> <!-- TestNGTest.Title -->
