<?xml version="1.0" encoding="UTF-8"?>
<!-- Generated by org.testng.reporters.JUnitReportReporter -->
<testsuite hostname="KP-WTGVC366JR" failures="0" tests="2" name="TestNGTest.LoginTest" time="37.199" errors="0" timestamp="2024-06-30T19:49:56 GMT-07:00" skipped="1">
  <testcase classname="TestNGTest.LoginTest" name="loginTest" time="24.010"/>
  <testcase classname="TestNGTest.LoginTest" name="skipTest" time="13.189">
    <skipped/>
  </testcase> <!-- skipTest -->
</testsuite> <!-- TestNGTest.LoginTest -->
