<?xml version="1.0" encoding="UTF-8"?>
<!-- Generated by org.testng.reporters.JUnitReportReporter -->
<testsuite hostname="KP-WTGVC366JR" failures="0" tests="17" name="web.tests.TestScripts.FrontDoorTestScript" time="551.186" errors="0" timestamp="2024-07-19T13:56:31 GMT-07:00" skipped="0">
  <testcase classname="web.tests.TestScripts.FrontDoorTestScript" name="navigateToFrontDoorScreen" time="94.650"/>
  <testcase classname="web.tests.TestScripts.FrontDoorTestScript" name="testFrontDoorSignIn" time="26.576"/>
  <testcase classname="web.tests.TestScripts.FrontDoorTestScript" name="feedbackBannerOnLandingPage" time="19.537"/>
  <testcase classname="web.tests.TestScripts.FrontDoorTestScript" name="clickOnAppointments_Care" time="6.490"/>
  <testcase classname="web.tests.TestScripts.FrontDoorTestScript" name="navigateToScheduleAnAppointment" time="48.911"/>
  <testcase classname="web.tests.TestScripts.FrontDoorTestScript" name="goToscheduleMedicalAppointment" time="66.773"/>
  <testcase classname="web.tests.TestScripts.FrontDoorTestScript" name="selectPrimaryIconPlusForAppointment" time="25.059"/>
  <testcase classname="web.tests.TestScripts.FrontDoorTestScript" name="selectNextButtonInScheduleAppointmentPage" time="30.266"/>
  <testcase classname="web.tests.TestScripts.FrontDoorTestScript" name="selectFacilityDropdown" time="12.015"/>
  <testcase classname="web.tests.TestScripts.FrontDoorTestScript" name="selectNextButtonInScheduleAppointmentPageAgain" time="29.287"/>
  <testcase classname="web.tests.TestScripts.FrontDoorTestScript" name="selectRadioIllnesOtherConcerns" time="20.159"/>
  <testcase classname="web.tests.TestScripts.FrontDoorTestScript" name="selectRadioReasonReturnOrFollowUp" time="35.586"/>
  <testcase classname="web.tests.TestScripts.FrontDoorTestScript" name="selectRadioTypeInPerson" time="40.609"/>
  <testcase classname="web.tests.TestScripts.FrontDoorTestScript" name="selectRadioChooseAnotherDate" time="13.578"/>
  <testcase classname="web.tests.TestScripts.FrontDoorTestScript" name="selectDatePicker" time="5.385"/>
  <testcase classname="web.tests.TestScripts.FrontDoorTestScript" name="selectMonthFromCalendar" time="59.284"/>
  <testcase classname="web.tests.TestScripts.FrontDoorTestScript" name="selectTimeSlot" time="17.021"/>
</testsuite> <!-- web.tests.TestScripts.FrontDoorTestScript -->
